06-Nov-2021 16:54:45.753 정보 [main] org.apache.catalina.startup.VersionLoggerListener.log 서버 버전 이름:    Apache Tomcat/9.0.54
06-Nov-2021 16:54:45.766 정보 [main] org.apache.catalina.startup.VersionLoggerListener.log Server 빌드 시각:  Sep 28 2021 13:51:49 UTC
06-Nov-2021 16:54:45.766 정보 [main] org.apache.catalina.startup.VersionLoggerListener.log Server 버전 번호:  9.0.54.0
06-Nov-2021 16:54:45.766 정보 [main] org.apache.catalina.startup.VersionLoggerListener.log 운영체제 이름:     Windows 10
06-Nov-2021 16:54:45.766 정보 [main] org.apache.catalina.startup.VersionLoggerListener.log 운영체제 버전:     10.0
06-Nov-2021 16:54:45.766 정보 [main] org.apache.catalina.startup.VersionLoggerListener.log 아키텍처:          amd64
06-Nov-2021 16:54:45.766 정보 [main] org.apache.catalina.startup.VersionLoggerListener.log 자바 홈:           C:\Program Files\Java\jre1.8.0_101
06-Nov-2021 16:54:45.766 정보 [main] org.apache.catalina.startup.VersionLoggerListener.log JVM 버전:          1.8.0_101-b13
06-Nov-2021 16:54:45.766 정보 [main] org.apache.catalina.startup.VersionLoggerListener.log JVM 벤더:          Oracle Corporation
06-Nov-2021 16:54:45.766 정보 [main] org.apache.catalina.startup.VersionLoggerListener.log CATALINA_BASE:     C:\Program Files\Apache Software Foundation\Tomcat 9.0
06-Nov-2021 16:54:45.766 정보 [main] org.apache.catalina.startup.VersionLoggerListener.log CATALINA_HOME:     C:\Program Files\Apache Software Foundation\Tomcat 9.0
06-Nov-2021 16:54:45.776 정보 [main] org.apache.catalina.startup.VersionLoggerListener.log 명령 행 아규먼트:  -Dcatalina.home=C:\Program Files\Apache Software Foundation\Tomcat 9.0
06-Nov-2021 16:54:45.776 정보 [main] org.apache.catalina.startup.VersionLoggerListener.log 명령 행 아규먼트:  -Dcatalina.base=C:\Program Files\Apache Software Foundation\Tomcat 9.0
06-Nov-2021 16:54:45.776 정보 [main] org.apache.catalina.startup.VersionLoggerListener.log 명령 행 아규먼트:  -Djava.io.tmpdir=C:\Program Files\Apache Software Foundation\Tomcat 9.0\temp
06-Nov-2021 16:54:45.776 정보 [main] org.apache.catalina.startup.VersionLoggerListener.log 명령 행 아규먼트:  -Djava.util.logging.manager=org.apache.juli.ClassLoaderLogManager
06-Nov-2021 16:54:45.776 정보 [main] org.apache.catalina.startup.VersionLoggerListener.log 명령 행 아규먼트:  -Djava.util.logging.config.file=C:\Program Files\Apache Software Foundation\Tomcat 9.0\conf\logging.properties
06-Nov-2021 16:54:45.776 정보 [main] org.apache.catalina.startup.VersionLoggerListener.log 명령 행 아규먼트:  exit
06-Nov-2021 16:54:45.776 정보 [main] org.apache.catalina.startup.VersionLoggerListener.log 명령 행 아규먼트:  abort
06-Nov-2021 16:54:45.776 정보 [main] org.apache.catalina.startup.VersionLoggerListener.log 명령 행 아규먼트:  -Xms128m
06-Nov-2021 16:54:45.776 정보 [main] org.apache.catalina.startup.VersionLoggerListener.log 명령 행 아규먼트:  -Xmx256m
06-Nov-2021 16:54:45.779 정보 [main] org.apache.catalina.core.AprLifecycleListener.lifecycleEvent 프로덕션 환경들에서 최적의 성능을 제공하는, APR 기반 Apache Tomcat Native 라이브러리가, 다음 java.library.path에서 발견되지 않습니다: [C:\Program Files\Apache Software Foundation\Tomcat 9.0\bin;C:\Windows\Sun\Java\bin;C:\Windows\system32;C:\Windows;C:\Program Files\Java\jre1.8.0_101\bin;C:\ProgramData\Oracle\Java\javapath;C:\Windows\system32;C:\Windows;C:\Windows\System32\Wbem;C:\Windows\System32\WindowsPowerShell\v1.0\;C:\Windows\System32\OpenSSH\;C:\Program Files\Java\jdk1.8.0_101\bin;C:\Windows\ServiceProfiles\LocalService\AppData\Local\Microsoft\WindowsApps;.]
06-Nov-2021 16:54:46.763 정보 [main] org.apache.coyote.AbstractProtocol.init 프로토콜 핸들러 ["http-nio-8080"]을(를) 초기화합니다.
06-Nov-2021 16:54:46.773 정보 [main] org.apache.catalina.startup.Catalina.load [1113] 밀리초 내에 서버가 초기화되었습니다.
06-Nov-2021 16:54:46.791 정보 [main] org.apache.catalina.core.StandardService.startInternal 서비스 [Catalina]을(를) 시작합니다.
06-Nov-2021 16:54:46.792 정보 [main] org.apache.catalina.core.StandardEngine.startInternal 서버 엔진을 시작합니다: [Apache Tomcat/9.0.54]
06-Nov-2021 16:54:46.796 정보 [main] org.apache.catalina.startup.HostConfig.deployDirectory 웹 애플리케이션 디렉토리 [C:\Program Files\Apache Software Foundation\Tomcat 9.0\webapps\docs]을(를) 배치합니다.
06-Nov-2021 16:54:46.997 정보 [main] org.apache.catalina.startup.HostConfig.deployDirectory 웹 애플리케이션 디렉토리 [C:\Program Files\Apache Software Foundation\Tomcat 9.0\webapps\docs]에 대한 배치가 [200] 밀리초에 완료되었습니다.
06-Nov-2021 16:54:46.997 정보 [main] org.apache.catalina.startup.HostConfig.deployDirectory 웹 애플리케이션 디렉토리 [C:\Program Files\Apache Software Foundation\Tomcat 9.0\webapps\manager]을(를) 배치합니다.
06-Nov-2021 16:54:47.024 정보 [main] org.apache.catalina.startup.HostConfig.deployDirectory 웹 애플리케이션 디렉토리 [C:\Program Files\Apache Software Foundation\Tomcat 9.0\webapps\manager]에 대한 배치가 [27] 밀리초에 완료되었습니다.
06-Nov-2021 16:54:47.025 정보 [main] org.apache.catalina.startup.HostConfig.deployDirectory 웹 애플리케이션 디렉토리 [C:\Program Files\Apache Software Foundation\Tomcat 9.0\webapps\ROOT]을(를) 배치합니다.
06-Nov-2021 16:54:47.038 정보 [main] org.apache.catalina.startup.HostConfig.deployDirectory 웹 애플리케이션 디렉토리 [C:\Program Files\Apache Software Foundation\Tomcat 9.0\webapps\ROOT]에 대한 배치가 [12] 밀리초에 완료되었습니다.
06-Nov-2021 16:54:47.040 정보 [main] org.apache.coyote.AbstractProtocol.start 프로토콜 핸들러 ["http-nio-8080"]을(를) 시작합니다.
06-Nov-2021 16:54:47.054 정보 [main] org.apache.catalina.startup.Catalina.start 서버가 [280] 밀리초 내에 시작되었습니다.
